Base path: C:/Program Files/Unity/Hub/Editor/2018.2.8f1/Editor/Data
Cmd: initializeCompiler
Cmd: compileComputeKernel
  api=4 insize=8533967 outsize=2349 ok=1
Cmd: compileComputeKernel
  api=4 insize=8533967 outsize=8717 ok=1
Cmd: compileComputeKernel
  api=4 insize=8533967 outsize=16437 ok=1
Cmd: compileComputeKernel
  api=4 insize=8533967 outsize=7885 ok=1
Cmd: compileComputeKernel
  api=4 insize=8533967 outsize=201 ok=1
Cmd: compileComputeKernel
  api=4 insize=8533967 outsize=201 ok=1
Cmd: compileComputeKernel
  api=4 insize=8533967 outsize=18573 ok=1
Cmd: compileComputeKernel
  api=4 insize=8533967 outsize=6733 ok=1
Cmd: compileComputeKernel
  api=4 insize=8533967 outsize=201 ok=1
Cmd: compileComputeKernel
  api=4 insize=8533967 outsize=201 ok=1
Cmd: compileComputeKernel
  api=4 insize=8533967 outsize=14825 ok=1
Cmd: compileComputeKernel
  api=4 insize=8533967 outsize=201 ok=1
Cmd: compileComputeKernel
  api=4 insize=8533967 outsize=9301 ok=1
Cmd: compileComputeKernel
  api=4 insize=8533967 outsize=201 ok=1
Cmd: compileComputeKernel
  api=4 insize=8533967 outsize=201 ok=1
Cmd: compileComputeKernel
  api=4 insize=8533967 outsize=20193 ok=1
Cmd: compileComputeKernel
  api=4 insize=8533967 outsize=201 ok=1
Cmd: compileComputeKernel
  api=4 insize=8533967 outsize=201 ok=1
Cmd: compileComputeKernel
  api=4 insize=8533967 outsize=201 ok=1
Cmd: compileComputeKernel
  api=4 insize=8533967 outsize=201 ok=1
Cmd: compileComputeKernel
  api=4 insize=8533967 outsize=201 ok=1
Cmd: compileComputeKernel
  api=4 insize=8533967 outsize=201 ok=1
Cmd: compileComputeKernel
  api=4 insize=8533967 outsize=201 ok=1
Cmd: compileComputeKernel
  api=4 insize=8533967 outsize=201 ok=1
Cmd: compileComputeKernel
  api=4 insize=8533967 outsize=2889 ok=1
Cmd: compileComputeKernel
  api=4 insize=8533967 outsize=7137 ok=1
Cmd: compileComputeKernel
  api=4 insize=8533967 outsize=201 ok=1
Cmd: compileComputeKernel
  api=4 insize=8533967 outsize=201 ok=1
Cmd: compileComputeKernel
  api=4 insize=8533967 outsize=201 ok=1
Cmd: compileComputeKernel
  api=4 insize=8533967 outsize=18569 ok=1
Cmd: compileComputeKernel
  api=4 insize=8533967 outsize=13237 ok=1
Cmd: compileComputeKernel
  api=4 insize=8533967 outsize=20789 ok=1
Cmd: compileComputeKernel
  api=4 insize=8533967 outsize=201 ok=1
Cmd: compileComputeKernel
  api=4 insize=8533967 outsize=201 ok=1
Cmd: compileComputeKernel
  api=4 insize=8533967 outsize=201 ok=1
Cmd: compileComputeKernel
  api=4 insize=8533967 outsize=201 ok=1
Cmd: compileComputeKernel
  api=4 insize=8533967 outsize=201 ok=1
Cmd: compileComputeKernel
  api=4 insize=8533967 outsize=201 ok=1
Cmd: compileComputeKernel
  api=4 insize=8533967 outsize=201 ok=1
Cmd: compileComputeKernel
  api=4 insize=8533967 outsize=201 ok=1
Cmd: compileComputeKernel
  api=4 insize=8533967 outsize=2485 ok=1
Cmd: compileComputeKernel
  api=4 insize=8533967 outsize=6733 ok=1
Cmd: compileComputeKernel
  api=4 insize=8533967 outsize=201 ok=1
Cmd: compileComputeKernel
  api=4 insize=8533967 outsize=201 ok=1
Cmd: compileComputeKernel
  api=4 insize=8533967 outsize=17973 ok=1
Cmd: compileComputeKernel
  api=4 insize=8533967 outsize=9493 ok=1
Cmd: compileComputeKernel
  api=4 insize=8533967 outsize=201 ok=1
Cmd: compileComputeKernel
  api=4 insize=8533967 outsize=17045 ok=1
Cmd: compileComputeKernel
  api=4 insize=8533967 outsize=201 ok=1
Cmd: compileComputeKernel
  api=4 insize=8533967 outsize=201 ok=1
Cmd: compileComputeKernel
  api=4 insize=8533967 outsize=201 ok=1
Cmd: compileComputeKernel
  api=4 insize=8533967 outsize=201 ok=1
Cmd: compileComputeKernel
  api=4 insize=8533967 outsize=201 ok=1
Cmd: compileComputeKernel
  api=4 insize=8533967 outsize=201 ok=1
Cmd: compileComputeKernel
  api=4 insize=8533967 outsize=201 ok=1
Cmd: compileComputeKernel
  api=4 insize=8533967 outsize=201 ok=1
Cmd: compileComputeKernel
  api=4 insize=8533967 outsize=201 ok=1
Cmd: compileComputeKernel
  api=4 insize=8533967 outsize=3417 ok=1
Cmd: compileComputeKernel
  api=4 insize=8533967 outsize=7665 ok=1
Cmd: compileComputeKernel
  api=4 insize=8533967 outsize=201 ok=1
Cmd: compileComputeKernel
  api=4 insize=8533967 outsize=201 ok=1
Cmd: compileComputeKernel
  api=4 insize=8533967 outsize=18713 ok=1
Cmd: compileComputeKernel
  api=4 insize=8533967 outsize=201 ok=1
Cmd: compileComputeKernel
  api=4 insize=8533967 outsize=13381 ok=1
Cmd: compileComputeKernel
  api=4 insize=8533967 outsize=201 ok=1
Cmd: compileComputeKernel
  api=4 insize=8533967 outsize=21413 ok=1
Cmd: compileComputeKernel
  api=4 insize=8533967 outsize=201 ok=1
Cmd: compileComputeKernel
  api=4 insize=8533967 outsize=201 ok=1
Cmd: compileComputeKernel
  api=4 insize=8533967 outsize=201 ok=1
Cmd: compileComputeKernel
  api=4 insize=8533967 outsize=201 ok=1
Cmd: compileComputeKernel
  api=4 insize=8533967 outsize=201 ok=1
Cmd: compileComputeKernel
  api=4 insize=8533967 outsize=201 ok=1
Cmd: compileComputeKernel
  api=4 insize=8533967 outsize=201 ok=1
Cmd: compileComputeKernel
  api=4 insize=8533967 outsize=2485 ok=1
Cmd: compileComputeKernel
  api=4 insize=8533967 outsize=6733 ok=1
Cmd: compileComputeKernel
  api=4 insize=8533967 outsize=201 ok=1
Cmd: compileComputeKernel
  api=4 insize=8533967 outsize=14633 ok=1
Cmd: compileComputeKernel
  api=4 insize=8533967 outsize=201 ok=1
Cmd: compileComputeKernel
  api=4 insize=8533967 outsize=201 ok=1
Cmd: compileComputeKernel
  api=4 insize=8533967 outsize=12449 ok=1
Cmd: compileComputeKernel
  api=4 insize=8533967 outsize=201 ok=1
Cmd: compileComputeKernel
  api=4 insize=8533967 outsize=20385 ok=1
Cmd: compileComputeKernel
  api=4 insize=8533967 outsize=201 ok=1
Cmd: compileComputeKernel
  api=4 insize=8533967 outsize=201 ok=1
Cmd: compileComputeKernel
  api=4 insize=8533967 outsize=201 ok=1
Cmd: compileComputeKernel
  api=4 insize=8533967 outsize=201 ok=1
Cmd: compileComputeKernel
  api=4 insize=8533967 outsize=201 ok=1
Cmd: compileComputeKernel
  api=4 insize=8533967 outsize=201 ok=1
Cmd: compileComputeKernel
  api=4 insize=8533967 outsize=4929 ok=1
Cmd: compileComputeKernel
  api=4 insize=8533967 outsize=9177 ok=1
Cmd: compileComputeKernel
  api=4 insize=8533967 outsize=201 ok=1
Cmd: compileComputeKernel
  api=4 insize=8533967 outsize=201 ok=1
Cmd: compileComputeKernel
  api=4 insize=8533967 outsize=17173 ok=1
Cmd: compileComputeKernel
  api=4 insize=8533967 outsize=201 ok=1
Cmd: compileComputeKernel
  api=4 insize=8533967 outsize=201 ok=1
Cmd: compileComputeKernel
  api=4 insize=8533967 outsize=12129 ok=1
Cmd: compileComputeKernel
  api=4 insize=8533967 outsize=201 ok=1
Cmd: compileComputeKernel
  api=4 insize=8533967 outsize=201 ok=1
Cmd: compileComputeKernel
  api=4 insize=8533967 outsize=23021 ok=1
Cmd: compileComputeKernel
  api=4 insize=8533967 outsize=201 ok=1
Cmd: compileComputeKernel
  api=4 insize=8533967 outsize=201 ok=1
Cmd: compileComputeKernel
  api=4 insize=8533967 outsize=201 ok=1
Cmd: compileComputeKernel
  api=4 insize=8533967 outsize=201 ok=1
Cmd: compileComputeKernel
  api=4 insize=8533967 outsize=201 ok=1
Cmd: compileComputeKernel
  api=4 insize=8533967 outsize=201 ok=1
Cmd: compileComputeKernel
  api=4 insize=8533967 outsize=201 ok=1
Cmd: compileComputeKernel
  api=4 insize=8533967 outsize=201 ok=1
Cmd: compileComputeKernel
  api=4 insize=8533967 outsize=201 ok=1
Cmd: compileComputeKernel
  api=4 insize=8533967 outsize=201 ok=1
Cmd: compileComputeKernel
  api=4 insize=8533967 outsize=201 ok=1
Cmd: compileComputeKernel
  api=4 insize=8533967 outsize=201 ok=1
Cmd: compileComputeKernel
  api=4 insize=8533967 outsize=201 ok=1
Cmd: compileComputeKernel
  api=4 insize=8533967 outsize=201 ok=1
Cmd: compileComputeKernel
  api=4 insize=8533967 outsize=201 ok=1
Cmd: compileComputeKernel
  api=4 insize=8533967 outsize=201 ok=1
Cmd: compileComputeKernel
  api=4 insize=8533967 outsize=201 ok=1
Cmd: compileComputeKernel
  api=4 insize=8533967 outsize=201 ok=1
Cmd: compileComputeKernel
  api=4 insize=8533967 outsize=201 ok=1
Cmd: compileComputeKernel
  api=4 insize=8533967 outsize=201 ok=1
Cmd: compileComputeKernel
  api=4 insize=8533967 outsize=201 ok=1
Cmd: compileComputeKernel
  api=4 insize=8533967 outsize=201 ok=1
Cmd: compileComputeKernel
  api=4 insize=8533967 outsize=201 ok=1
Cmd: compileComputeKernel
  api=4 insize=8533967 outsize=201 ok=1
Cmd: compileComputeKernel
  api=4 insize=8533967 outsize=201 ok=1
Cmd: compileComputeKernel
  api=4 insize=8533967 outsize=201 ok=1
Cmd: compileComputeKernel
  api=4 insize=8533967 outsize=201 ok=1
Cmd: compileComputeKernel
  api=4 insize=8533967 outsize=201 ok=1
Cmd: compileComputeKernel
  api=4 insize=8533967 outsize=201 ok=1
Cmd: compileComputeKernel
  api=4 insize=8533967 outsize=201 ok=1
Cmd: compileComputeKernel
  api=4 insize=8533967 outsize=201 ok=1
Cmd: compileComputeKernel
  api=4 insize=8533967 outsize=201 ok=1
Cmd: compileComputeKernel
  api=4 insize=8533967 outsize=201 ok=1
Cmd: compileComputeKernel
  api=4 insize=8533967 outsize=201 ok=1
Cmd: compileComputeKernel
  api=4 insize=8533967 outsize=201 ok=1
Cmd: compileComputeKernel
  api=4 insize=8533967 outsize=201 ok=1
Cmd: compileComputeKernel
  api=4 insize=8533967 outsize=201 ok=1
Cmd: compileComputeKernel
  api=4 insize=8533967 outsize=201 ok=1
Cmd: compileComputeKernel
  api=4 insize=8533967 outsize=2485 ok=1
Cmd: compileComputeKernel
  api=4 insize=8533967 outsize=6733 ok=1
Cmd: compileComputeKernel
  api=4 insize=8533967 outsize=201 ok=1
Cmd: compileComputeKernel
  api=4 insize=8533967 outsize=14633 ok=1
Cmd: compileComputeKernel
  api=4 insize=8533967 outsize=201 ok=1
Cmd: compileComputeKernel
  api=4 insize=8533967 outsize=201 ok=1
Cmd: compileComputeKernel
  api=4 insize=8533967 outsize=12449 ok=1
Cmd: compileComputeKernel
  api=4 insize=8533967 outsize=201 ok=1
Cmd: compileComputeKernel
  api=4 insize=8533967 outsize=20385 ok=1
Cmd: compileComputeKernel
  api=4 insize=8533967 outsize=201 ok=1
Cmd: compileComputeKernel
  api=4 insize=8533967 outsize=201 ok=1
Cmd: compileComputeKernel
  api=4 insize=8533967 outsize=201 ok=1
Cmd: compileComputeKernel
  api=4 insize=8533967 outsize=201 ok=1
Cmd: compileComputeKernel
  api=4 insize=8533967 outsize=201 ok=1
Cmd: compileComputeKernel
  api=4 insize=8533967 outsize=8501 ok=1
Cmd: compileComputeKernel
  api=4 insize=8533967 outsize=12693 ok=1
Cmd: compileComputeKernel
  api=4 insize=8533967 outsize=17545 ok=1
Cmd: compileComputeKernel
  api=4 insize=8533967 outsize=201 ok=1
Cmd: compileComputeKernel
  api=4 insize=8533967 outsize=201 ok=1
Cmd: compileComputeKernel
  api=4 insize=8533967 outsize=12501 ok=1
Cmd: compileComputeKernel
  api=4 insize=8533967 outsize=201 ok=1
Cmd: compileComputeKernel
  api=4 insize=8533967 outsize=201 ok=1
Cmd: compileComputeKernel
  api=4 insize=8533967 outsize=23389 ok=1
Cmd: compileComputeKernel
  api=4 insize=8533967 outsize=201 ok=1
Cmd: compileComputeKernel
  api=4 insize=8533967 outsize=201 ok=1
Cmd: compileComputeKernel
  api=4 insize=8533967 outsize=201 ok=1
Cmd: compileComputeKernel
  api=4 insize=8533967 outsize=201 ok=1
Cmd: compileComputeKernel
  api=4 insize=8533967 outsize=201 ok=1
Cmd: compileComputeKernel
  api=4 insize=8533967 outsize=201 ok=1
Cmd: compileComputeKernel
  api=4 insize=8533967 outsize=201 ok=1
Cmd: compileComputeKernel
  api=4 insize=8533967 outsize=201 ok=1
Cmd: compileComputeKernel
  api=4 insize=8533967 outsize=201 ok=1
Cmd: compileComputeKernel
  api=4 insize=8533967 outsize=201 ok=1
Cmd: compileComputeKernel
  api=4 insize=8533967 outsize=201 ok=1
Cmd: compileComputeKernel
  api=4 insize=8533967 outsize=201 ok=1
Cmd: compileComputeKernel
  api=4 insize=8533967 outsize=201 ok=1
Cmd: compileComputeKernel
  api=4 insize=8533967 outsize=201 ok=1
Cmd: compileComputeKernel
  api=4 insize=8533967 outsize=201 ok=1
Cmd: compileComputeKernel
  api=4 insize=8533967 outsize=201 ok=1
Cmd: compileComputeKernel
  api=4 insize=8533967 outsize=201 ok=1
Cmd: compileComputeKernel
  api=4 insize=8533967 outsize=201 ok=1
Cmd: compileComputeKernel
  api=4 insize=8533967 outsize=201 ok=1
Cmd: compileComputeKernel
  api=4 insize=8533967 outsize=201 ok=1
Cmd: compileComputeKernel
  api=4 insize=8533967 outsize=201 ok=1
Cmd: compileComputeKernel
  api=4 insize=8533967 outsize=201 ok=1
Cmd: compileComputeKernel
  api=4 insize=8533967 outsize=201 ok=1
Cmd: compileComputeKernel
  api=4 insize=8533967 outsize=201 ok=1
Cmd: compileComputeKernel
  api=4 insize=8533967 outsize=201 ok=1
Cmd: compileComputeKernel
  api=4 insize=8533967 outsize=201 ok=1
Cmd: compileComputeKernel
  api=4 insize=8533967 outsize=201 ok=1
Cmd: compileComputeKernel
  api=4 insize=8533967 outsize=201 ok=1
Cmd: compileComputeKernel
  api=4 insize=8533967 outsize=201 ok=1
Cmd: compileComputeKernel
  api=4 insize=8533967 outsize=201 ok=1
Cmd: compileComputeKernel
  api=4 insize=8533967 outsize=201 ok=1
Cmd: compileComputeKernel
  api=4 insize=8533967 outsize=201 ok=1
Cmd: compileComputeKernel
  api=4 insize=8533967 outsize=201 ok=1
Cmd: compileComputeKernel
  api=4 insize=8533967 outsize=201 ok=1
Cmd: compileComputeKernel
  api=4 insize=8533967 outsize=201 ok=1
Cmd: compileComputeKernel
  api=4 insize=8533967 outsize=201 ok=1
Cmd: compileComputeKernel
  api=4 insize=8533967 outsize=201 ok=1
Cmd: compileComputeKernel
  api=4 insize=8533967 outsize=201 ok=1
Cmd: compileComputeKernel
  api=4 insize=8533967 outsize=201 ok=1
Cmd: compileComputeKernel
  api=4 insize=8533967 outsize=201 ok=1
Cmd: compileComputeKernel
  api=4 insize=8533967 outsize=201 ok=1
Cmd: compileComputeKernel
  api=4 insize=8533967 outsize=201 ok=1
Cmd: compileComputeKernel
  api=4 insize=8533967 outsize=201 ok=1
Cmd: compileComputeKernel
  api=4 insize=8533967 outsize=201 ok=1
Cmd: compileComputeKernel
  api=4 insize=8533967 outsize=201 ok=1
Cmd: compileComputeKernel
  api=4 insize=8533967 outsize=201 ok=1
Cmd: compileComputeKernel
  api=4 insize=8533967 outsize=201 ok=1
Cmd: compileComputeKernel
  api=4 insize=8533967 outsize=201 ok=1
Cmd: compileComputeKernel
  api=4 insize=8533967 outsize=201 ok=1
Cmd: compileComputeKernel
  api=4 insize=8533967 outsize=201 ok=1
Cmd: compileComputeKernel
  api=4 insize=8533967 outsize=201 ok=1
Cmd: compileComputeKernel
  api=4 insize=8533967 outsize=201 ok=1
Cmd: compileComputeKernel
  api=4 insize=8533967 outsize=201 ok=1
Cmd: compileComputeKernel
  api=4 insize=8533967 outsize=201 ok=1
Cmd: compileComputeKernel
  api=4 insize=8533967 outsize=201 ok=1
Cmd: compileComputeKernel
  api=4 insize=8533967 outsize=201 ok=1
Cmd: compileComputeKernel
  api=4 insize=8533967 outsize=201 ok=1
Cmd: compileComputeKernel
  api=4 insize=8533967 outsize=201 ok=1
Cmd: compileComputeKernel
  api=4 insize=8533967 outsize=201 ok=1
Cmd: compileComputeKernel
  api=4 insize=8533967 outsize=201 ok=1
Cmd: compileComputeKernel
  api=4 insize=8533967 outsize=201 ok=1
Cmd: compileComputeKernel
  api=4 insize=8533967 outsize=201 ok=1
Cmd: compileComputeKernel
  api=4 insize=8533967 outsize=201 ok=1
Cmd: compileComputeKernel
  api=4 insize=8533967 outsize=201 ok=1
Cmd: compileComputeKernel
  api=4 insize=8533967 outsize=201 ok=1
Cmd: compileComputeKernel
  api=4 insize=8533967 outsize=201 ok=1
Cmd: compileComputeKernel
  api=4 insize=8533967 outsize=201 ok=1
Cmd: compileComputeKernel
  api=4 insize=8533967 outsize=201 ok=1
Cmd: compileComputeKernel
  api=4 insize=8533967 outsize=201 ok=1
Cmd: compileComputeKernel
  api=4 insize=8533967 outsize=201 ok=1
Cmd: compileComputeKernel
  api=4 insize=8533967 outsize=201 ok=1
Cmd: compileComputeKernel
  api=4 insize=8533967 outsize=201 ok=1
Cmd: compileComputeKernel
  api=4 insize=8533967 outsize=201 ok=1
Cmd: compileComputeKernel
  api=4 insize=8533967 outsize=201 ok=1
Cmd: compileComputeKernel
  api=4 insize=8533967 outsize=201 ok=1
Cmd: compileComputeKernel
  api=4 insize=8533967 outsize=201 ok=1
Cmd: compileComputeKernel
  api=4 insize=8533967 outsize=201 ok=1
Cmd: compileComputeKernel
  api=4 insize=8533967 outsize=201 ok=1
Cmd: compileComputeKernel
  api=4 insize=8533967 outsize=201 ok=1
Cmd: compileComputeKernel
  api=4 insize=8533967 outsize=201 ok=1
Cmd: compileComputeKernel
  api=4 insize=8533967 outsize=201 ok=1
Cmd: compileComputeKernel
  api=4 insize=8533967 outsize=201 ok=1
Cmd: compileComputeKernel
  api=4 insize=8533967 outsize=201 ok=1
Cmd: compileComputeKernel
  api=4 insize=8533967 outsize=201 ok=1
Cmd: compileComputeKernel
  api=4 insize=8533967 outsize=201 ok=1
Cmd: compileComputeKernel
  api=4 insize=8533967 outsize=201 ok=1
Cmd: compileComputeKernel
  api=4 insize=8533967 outsize=201 ok=1
Cmd: compileComputeKernel
  api=4 insize=8533967 outsize=201 ok=1
Cmd: compileComputeKernel
  api=4 insize=8533967 outsize=201 ok=1
Cmd: compileComputeKernel
  api=4 insize=8533967 outsize=201 ok=1
Cmd: compileComputeKernel
  api=4 insize=8533967 outsize=201 ok=1
Cmd: compileComputeKernel
  api=4 insize=8533967 outsize=201 ok=1
Cmd: compileComputeKernel
  api=4 insize=8533967 outsize=201 ok=1
Cmd: compileComputeKernel
  api=4 insize=8533967 outsize=201 ok=1
Cmd: compileComputeKernel
  api=4 insize=8533967 outsize=201 ok=1
Cmd: compileComputeKernel
  api=4 insize=8533967 outsize=3381 ok=1
Cmd: compileComputeKernel
  api=4 insize=8533967 outsize=7621 ok=1
Cmd: compileComputeKernel
  api=4 insize=8533967 outsize=201 ok=1
Cmd: compileComputeKernel
  api=4 insize=8533967 outsize=201 ok=1
Cmd: compileComputeKernel
  api=4 insize=8533967 outsize=15617 ok=1
Cmd: compileComputeKernel
  api=4 insize=8533967 outsize=201 ok=1
Cmd: compileComputeKernel
  api=4 insize=8533967 outsize=201 ok=1
Cmd: compileComputeKernel
  api=4 insize=8533967 outsize=13529 ok=1
Cmd: compileComputeKernel
  api=4 insize=8533967 outsize=18125 ok=1
Cmd: compileComputeKernel
  api=4 insize=8533967 outsize=4097 ok=1
Cmd: compileComputeKernel
  api=4 insize=8533967 outsize=7301 ok=1
Cmd: compileComputeKernel
  api=4 insize=8533967 outsize=11493 ok=1
Cmd: compileComputeKernel
  api=4 insize=8533967 outsize=16629 ok=1
Cmd: compileComputeKernel
  api=4 insize=8533967 outsize=201 ok=1
Cmd: compileComputeKernel
  api=4 insize=8533967 outsize=11105 ok=1
Cmd: compileComputeKernel
  api=4 insize=8533967 outsize=201 ok=1
Cmd: compileComputeKernel
  api=4 insize=8533967 outsize=201 ok=1
Cmd: compileComputeKernel
  api=4 insize=8533967 outsize=18945 ok=1
Cmd: compileComputeKernel
  api=4 insize=8533967 outsize=201 ok=1
Cmd: compileComputeKernel
  api=4 insize=8533967 outsize=201 ok=1
Cmd: compileComputeKernel
  api=4 insize=8533967 outsize=201 ok=1
Cmd: compileComputeKernel
  api=4 insize=8533967 outsize=201 ok=1
Cmd: compileComputeKernel
  api=4 insize=8533967 outsize=201 ok=1
Cmd: compileComputeKernel
  api=4 insize=8533967 outsize=201 ok=1
Cmd: compileComputeKernel
  api=4 insize=8533967 outsize=201 ok=1
Cmd: compileComputeKernel
  api=4 insize=8533967 outsize=201 ok=1
Cmd: compileComputeKernel
  api=4 insize=8533967 outsize=201 ok=1
Cmd: compileComputeKernel
  api=4 insize=8533967 outsize=201 ok=1
Cmd: compileComputeKernel
  api=4 insize=8533967 outsize=8089 ok=1
Cmd: compileComputeKernel
Unhandled exception: Failed writing data to socket

Quitting shader compiler process
