Base path: C:/Program Files/Unity/Hub/Editor/2018.2.8f1/Editor/Data
Cmd: initializeCompiler
Cmd: compileComputeKernel
  api=4 insize=5960 outsize=1533 ok=1
Cmd: compileComputeKernel
  api=4 insize=8533967 outsize=2157 ok=1
Cmd: compileComputeKernel
  api=4 insize=8533967 outsize=5541 ok=1
Cmd: compileComputeKernel
  api=4 insize=8533967 outsize=201 ok=1
Cmd: compileComputeKernel
  api=4 insize=8533967 outsize=13069 ok=1
Cmd: compileComputeKernel
  api=4 insize=8533967 outsize=201 ok=1
Cmd: compileComputeKernel
  api=4 insize=8533967 outsize=201 ok=1
Cmd: compileComputeKernel
  api=4 insize=8533967 outsize=11013 ok=1
Cmd: compileComputeKernel
  api=4 insize=8533967 outsize=15445 ok=1
Cmd: compileComputeKernel
  api=4 insize=8533967 outsize=2485 ok=1
Cmd: compileComputeKernel
  api=4 insize=8533967 outsize=6541 ok=1
Cmd: compileComputeKernel
  api=4 insize=8533967 outsize=201 ok=1
Cmd: compileComputeKernel
  api=4 insize=8533967 outsize=201 ok=1
Cmd: compileComputeKernel
  api=4 insize=8533967 outsize=14633 ok=1
Cmd: compileComputeKernel
  api=4 insize=8533967 outsize=201 ok=1
Cmd: compileComputeKernel
  api=4 insize=8533967 outsize=201 ok=1
Cmd: compileComputeKernel
  api=4 insize=8533967 outsize=12449 ok=1
Cmd: compileComputeKernel
  api=4 insize=8533967 outsize=201 ok=1
Cmd: compileComputeKernel
  api=4 insize=8533967 outsize=17237 ok=1
Cmd: compileComputeKernel
  api=4 insize=8533967 outsize=201 ok=1
Cmd: compileComputeKernel
  api=4 insize=8533967 outsize=201 ok=1
Cmd: compileComputeKernel
  api=4 insize=8533967 outsize=201 ok=1
Cmd: compileComputeKernel
  api=4 insize=8533967 outsize=201 ok=1
Cmd: compileComputeKernel
  api=4 insize=8533967 outsize=201 ok=1
Cmd: compileComputeKernel
  api=4 insize=8533967 outsize=201 ok=1
Cmd: compileComputeKernel
  api=4 insize=8533967 outsize=201 ok=1
Cmd: compileComputeKernel
  api=4 insize=8533967 outsize=201 ok=1
Cmd: compileComputeKernel
  api=4 insize=8533967 outsize=6093 ok=1
Cmd: compileComputeKernel
  api=4 insize=8533967 outsize=10285 ok=1
Cmd: compileComputeKernel
  api=4 insize=8533967 outsize=15421 ok=1
Cmd: compileComputeKernel
  api=4 insize=8533967 outsize=201 ok=1
Cmd: compileComputeKernel
  api=4 insize=8533967 outsize=201 ok=1
Cmd: compileComputeKernel
  api=4 insize=8533967 outsize=9897 ok=1
Cmd: compileComputeKernel
  api=4 insize=8533967 outsize=201 ok=1
Cmd: compileComputeKernel
  api=4 insize=8533967 outsize=201 ok=1
Cmd: compileComputeKernel
  api=4 insize=8533967 outsize=17833 ok=1
Cmd: compileComputeKernel
  api=4 insize=8533967 outsize=201 ok=1
Cmd: compileComputeKernel
  api=4 insize=8533967 outsize=201 ok=1
Cmd: compileComputeKernel
  api=4 insize=8533967 outsize=201 ok=1
Cmd: compileComputeKernel
  api=4 insize=8533967 outsize=201 ok=1
Cmd: compileComputeKernel
  api=4 insize=8533967 outsize=201 ok=1
Cmd: compileComputeKernel
  api=4 insize=8533967 outsize=201 ok=1
Cmd: compileComputeKernel
  api=4 insize=8533967 outsize=201 ok=1
Cmd: compileComputeKernel
  api=4 insize=8533967 outsize=201 ok=1
Cmd: compileComputeKernel
  api=4 insize=8533967 outsize=201 ok=1
Cmd: compileComputeKernel
  api=4 insize=8533967 outsize=5497 ok=1
Cmd: compileComputeKernel
  api=4 insize=8533967 outsize=9689 ok=1
Cmd: compileComputeKernel
  api=4 insize=8533967 outsize=14633 ok=1
Cmd: compileComputeKernel
  api=4 insize=8533967 outsize=201 ok=1
Cmd: compileComputeKernel
  api=4 insize=8533967 outsize=201 ok=1
Cmd: compileComputeKernel
  api=4 insize=8533967 outsize=12449 ok=1
Cmd: compileComputeKernel
  api=4 insize=8533967 outsize=201 ok=1
Cmd: compileComputeKernel
  api=4 insize=8533967 outsize=17237 ok=1
Cmd: compileComputeKernel
  api=4 insize=8533967 outsize=201 ok=1
Cmd: compileComputeKernel
  api=4 insize=8533967 outsize=201 ok=1
Cmd: compileComputeKernel
  api=4 insize=8533967 outsize=201 ok=1
Cmd: compileComputeKernel
  api=4 insize=8533967 outsize=201 ok=1
Cmd: compileComputeKernel
  api=4 insize=8533967 outsize=201 ok=1
Cmd: compileComputeKernel
  api=4 insize=8533967 outsize=201 ok=1
Cmd: compileComputeKernel
  api=4 insize=8533967 outsize=201 ok=1
Cmd: compileComputeKernel
  api=4 insize=8533967 outsize=201 ok=1
Cmd: compileComputeKernel
  api=4 insize=8533967 outsize=201 ok=1
Cmd: compileComputeKernel
  api=4 insize=8533967 outsize=6621 ok=1
Cmd: compileComputeKernel
  api=4 insize=8533967 outsize=10813 ok=1
Cmd: compileComputeKernel
  api=4 insize=8533967 outsize=18809 ok=1
Cmd: compileComputeKernel
  api=4 insize=8533967 outsize=201 ok=1
Cmd: compileComputeKernel
  api=4 insize=8533967 outsize=13573 ok=1
Cmd: compileComputeKernel
  api=4 insize=8533967 outsize=18265 ok=1
Cmd: compileComputeKernel
  api=4 insize=8533967 outsize=201 ok=1
Cmd: compileComputeKernel
  api=4 insize=8533967 outsize=201 ok=1
Cmd: compileComputeKernel
  api=4 insize=8533967 outsize=201 ok=1
Cmd: compileComputeKernel
  api=4 insize=8533967 outsize=201 ok=1
Cmd: compileComputeKernel
  api=4 insize=8533967 outsize=201 ok=1
Cmd: compileComputeKernel
  api=4 insize=8533967 outsize=201 ok=1
Cmd: compileComputeKernel
  api=4 insize=8533967 outsize=201 ok=1
Cmd: compileComputeKernel
  api=4 insize=8533967 outsize=201 ok=1
Cmd: compileComputeKernel
  api=4 insize=8533967 outsize=2293 ok=1
Cmd: compileComputeKernel
  api=4 insize=8533967 outsize=6541 ok=1
Cmd: compileComputeKernel
  api=4 insize=8533967 outsize=201 ok=1
Cmd: compileComputeKernel
  api=4 insize=8533967 outsize=201 ok=1
Cmd: compileComputeKernel
  api=4 insize=8533967 outsize=17781 ok=1
Cmd: compileComputeKernel
  api=4 insize=8533967 outsize=9301 ok=1
Cmd: compileComputeKernel
  api=4 insize=8533967 outsize=201 ok=1
Cmd: compileComputeKernel
  api=4 insize=8533967 outsize=201 ok=1
Cmd: compileComputeKernel
  api=4 insize=8533967 outsize=20193 ok=1
Cmd: compileComputeKernel
  api=4 insize=8533967 outsize=201 ok=1
Cmd: compileComputeKernel
  api=4 insize=8533967 outsize=201 ok=1
Cmd: compileComputeKernel
  api=4 insize=8533967 outsize=201 ok=1
Cmd: compileComputeKernel
  api=4 insize=8533967 outsize=201 ok=1
Cmd: compileComputeKernel
  api=4 insize=8533967 outsize=201 ok=1
Cmd: compileComputeKernel
  api=4 insize=8533967 outsize=201 ok=1
Cmd: compileComputeKernel
  api=4 insize=8533967 outsize=201 ok=1
Cmd: compileComputeKernel
  api=4 insize=8533967 outsize=201 ok=1
Cmd: compileComputeKernel
  api=4 insize=8533967 outsize=8325 ok=1
Cmd: compileComputeKernel
  api=4 insize=8533967 outsize=12517 ok=1
Cmd: compileComputeKernel
  api=4 insize=8533967 outsize=20417 ok=1
Cmd: compileComputeKernel
  api=4 insize=8533967 outsize=11937 ok=1
Cmd: compileComputeKernel
  api=4 insize=8533967 outsize=201 ok=1
Cmd: compileComputeKernel
  api=4 insize=8533967 outsize=201 ok=1
Cmd: compileComputeKernel
  api=4 insize=8533967 outsize=22829 ok=1
Cmd: compileComputeKernel
  api=4 insize=8533967 outsize=201 ok=1
Cmd: compileComputeKernel
  api=4 insize=8533967 outsize=201 ok=1
Cmd: compileComputeKernel
  api=4 insize=8533967 outsize=201 ok=1
Cmd: compileComputeKernel
  api=4 insize=8533967 outsize=201 ok=1
Cmd: compileComputeKernel
  api=4 insize=8533967 outsize=201 ok=1
Cmd: compileComputeKernel
  api=4 insize=8533967 outsize=201 ok=1
Cmd: compileComputeKernel
  api=4 insize=8533967 outsize=201 ok=1
Cmd: compileComputeKernel
  api=4 insize=8533967 outsize=201 ok=1
Cmd: compileComputeKernel
  api=4 insize=8533967 outsize=201 ok=1
Cmd: compileComputeKernel
  api=4 insize=8533967 outsize=201 ok=1
Cmd: compileComputeKernel
  api=4 insize=8533967 outsize=201 ok=1
Cmd: compileComputeKernel
  api=4 insize=8533967 outsize=201 ok=1
Cmd: compileComputeKernel
  api=4 insize=8533967 outsize=201 ok=1
Cmd: compileComputeKernel
  api=4 insize=8533967 outsize=201 ok=1
Cmd: compileComputeKernel
  api=4 insize=8533967 outsize=201 ok=1
Cmd: compileComputeKernel
  api=4 insize=8533967 outsize=201 ok=1
Cmd: compileComputeKernel
  api=4 insize=8533967 outsize=201 ok=1
Cmd: compileComputeKernel
  api=4 insize=8533967 outsize=201 ok=1
Cmd: compileComputeKernel
  api=4 insize=8533967 outsize=201 ok=1
Cmd: compileComputeKernel
  api=4 insize=8533967 outsize=201 ok=1
Cmd: compileComputeKernel
  api=4 insize=8533967 outsize=201 ok=1
Cmd: compileComputeKernel
  api=4 insize=8533967 outsize=201 ok=1
Cmd: compileComputeKernel
  api=4 insize=8533967 outsize=201 ok=1
Cmd: compileComputeKernel
  api=4 insize=8533967 outsize=201 ok=1
Cmd: compileComputeKernel
  api=4 insize=8533967 outsize=201 ok=1
Cmd: compileComputeKernel
  api=4 insize=8533967 outsize=201 ok=1
Cmd: compileComputeKernel
  api=4 insize=8533967 outsize=201 ok=1
Cmd: compileComputeKernel
  api=4 insize=8533967 outsize=201 ok=1
Cmd: compileComputeKernel
  api=4 insize=8533967 outsize=201 ok=1
Cmd: compileComputeKernel
  api=4 insize=8533967 outsize=201 ok=1
Cmd: compileComputeKernel
  api=4 insize=8533967 outsize=201 ok=1
Cmd: compileComputeKernel
  api=4 insize=8533967 outsize=201 ok=1
Cmd: compileComputeKernel
  api=4 insize=8533967 outsize=201 ok=1
Cmd: compileComputeKernel
  api=4 insize=8533967 outsize=201 ok=1
Cmd: compileComputeKernel
  api=4 insize=8533967 outsize=201 ok=1
Cmd: compileComputeKernel
  api=4 insize=8533967 outsize=201 ok=1
Cmd: compileComputeKernel
  api=4 insize=8533967 outsize=201 ok=1
Cmd: compileComputeKernel
  api=4 insize=8533967 outsize=201 ok=1
Cmd: compileComputeKernel
  api=4 insize=8533967 outsize=201 ok=1
Cmd: compileComputeKernel
  api=4 insize=8533967 outsize=2293 ok=1
Cmd: compileComputeKernel
  api=4 insize=8533967 outsize=6541 ok=1
Cmd: compileComputeKernel
  api=4 insize=8533967 outsize=201 ok=1
Cmd: compileComputeKernel
  api=4 insize=8533967 outsize=201 ok=1
Cmd: compileComputeKernel
  api=4 insize=8533967 outsize=17973 ok=1
Cmd: compileComputeKernel
  api=4 insize=8533967 outsize=9493 ok=1
Cmd: compileComputeKernel
  api=4 insize=8533967 outsize=201 ok=1
Cmd: compileComputeKernel
  api=4 insize=8533967 outsize=17237 ok=1
Cmd: compileComputeKernel
  api=4 insize=8533967 outsize=201 ok=1
Cmd: compileComputeKernel
  api=4 insize=8533967 outsize=201 ok=1
Cmd: compileComputeKernel
  api=4 insize=8533967 outsize=201 ok=1
Cmd: compileComputeKernel
  api=4 insize=8533967 outsize=201 ok=1
Cmd: compileComputeKernel
  api=4 insize=8533967 outsize=201 ok=1
Cmd: compileComputeKernel
  api=4 insize=8533967 outsize=201 ok=1
Cmd: compileComputeKernel
  api=4 insize=8533967 outsize=201 ok=1
Cmd: compileComputeKernel
  api=4 insize=8533967 outsize=201 ok=1
Cmd: compileComputeKernel
  api=4 insize=8533967 outsize=201 ok=1
Cmd: compileComputeKernel
  api=4 insize=8533967 outsize=5301 ok=1
Cmd: compileComputeKernel
  api=4 insize=8533967 outsize=9549 ok=1
Cmd: compileComputeKernel
  api=4 insize=8533967 outsize=201 ok=1
Cmd: compileComputeKernel
  api=4 insize=8533967 outsize=201 ok=1
Cmd: compileComputeKernel
  api=4 insize=8533967 outsize=17737 ok=1
Cmd: compileComputeKernel
  api=4 insize=8533967 outsize=201 ok=1
Cmd: compileComputeKernel
  api=4 insize=8533967 outsize=201 ok=1
Cmd: compileComputeKernel
  api=4 insize=8533967 outsize=15453 ok=1
Cmd: compileComputeKernel
  api=4 insize=8533967 outsize=20053 ok=1
Cmd: compileComputeKernel
  api=4 insize=8533967 outsize=201 ok=1
Cmd: compileComputeKernel
  api=4 insize=8533967 outsize=201 ok=1
Cmd: compileComputeKernel
  api=4 insize=8533967 outsize=201 ok=1
Cmd: compileComputeKernel
  api=4 insize=8533967 outsize=201 ok=1
Cmd: compileComputeKernel
  api=4 insize=8533967 outsize=201 ok=1
Cmd: compileComputeKernel
  api=4 insize=8533967 outsize=201 ok=1
Cmd: compileComputeKernel
  api=4 insize=8533967 outsize=201 ok=1
Cmd: compileComputeKernel
  api=4 insize=8533967 outsize=201 ok=1
Cmd: compileComputeKernel
  api=4 insize=8533967 outsize=201 ok=1
Cmd: compileComputeKernel
  api=4 insize=8533967 outsize=201 ok=1
Cmd: compileComputeKernel
  api=4 insize=8533967 outsize=201 ok=1
Cmd: compileComputeKernel
  api=4 insize=8533967 outsize=201 ok=1
Cmd: compileComputeKernel
  api=4 insize=8533967 outsize=201 ok=1
Cmd: compileComputeKernel
  api=4 insize=8533967 outsize=201 ok=1
Cmd: compileComputeKernel
  api=4 insize=8533967 outsize=201 ok=1
Cmd: compileComputeKernel
  api=4 insize=8533967 outsize=201 ok=1
Cmd: compileComputeKernel
  api=4 insize=8533967 outsize=201 ok=1
Cmd: compileComputeKernel
  api=4 insize=8533967 outsize=201 ok=1
Cmd: compileComputeKernel
  api=4 insize=8533967 outsize=201 ok=1
Cmd: compileComputeKernel
  api=4 insize=8533967 outsize=201 ok=1
Cmd: compileComputeKernel
  api=4 insize=8533967 outsize=201 ok=1
Cmd: compileComputeKernel
  api=4 insize=8533967 outsize=201 ok=1
Cmd: compileComputeKernel
  api=4 insize=8533967 outsize=201 ok=1
Cmd: compileComputeKernel
  api=4 insize=8533967 outsize=201 ok=1
Cmd: compileComputeKernel
  api=4 insize=8533967 outsize=201 ok=1
Cmd: compileComputeKernel
  api=4 insize=8533967 outsize=201 ok=1
Cmd: compileComputeKernel
  api=4 insize=8533967 outsize=201 ok=1
Cmd: compileComputeKernel
  api=4 insize=8533967 outsize=201 ok=1
Cmd: compileComputeKernel
  api=4 insize=8533967 outsize=201 ok=1
Cmd: compileComputeKernel
  api=4 insize=8533967 outsize=201 ok=1
Cmd: compileComputeKernel
  api=4 insize=8533967 outsize=201 ok=1
Cmd: compileComputeKernel
  api=4 insize=8533967 outsize=201 ok=1
Cmd: compileComputeKernel
  api=4 insize=8533967 outsize=201 ok=1
Cmd: compileComputeKernel
  api=4 insize=8533967 outsize=201 ok=1
Cmd: compileComputeKernel
  api=4 insize=8533967 outsize=201 ok=1
Cmd: compileComputeKernel
  api=4 insize=8533967 outsize=201 ok=1
Cmd: compileComputeKernel
  api=4 insize=8533967 outsize=201 ok=1
Cmd: compileComputeKernel
  api=4 insize=8533967 outsize=201 ok=1
Cmd: compileComputeKernel
  api=4 insize=8533967 outsize=201 ok=1
Cmd: compileComputeKernel
  api=4 insize=8533967 outsize=201 ok=1
Cmd: compileComputeKernel
  api=4 insize=8533967 outsize=201 ok=1
Cmd: compileComputeKernel
  api=4 insize=8533967 outsize=201 ok=1
Cmd: compileComputeKernel
  api=4 insize=8533967 outsize=201 ok=1
Cmd: compileComputeKernel
  api=4 insize=8533967 outsize=201 ok=1
Cmd: compileComputeKernel
  api=4 insize=8533967 outsize=201 ok=1
Cmd: compileComputeKernel
  api=4 insize=8533967 outsize=201 ok=1
Cmd: compileComputeKernel
  api=4 insize=8533967 outsize=201 ok=1
Cmd: compileComputeKernel
  api=4 insize=8533967 outsize=201 ok=1
Cmd: compileComputeKernel
  api=4 insize=8533967 outsize=201 ok=1
Cmd: compileComputeKernel
  api=4 insize=8533967 outsize=201 ok=1
Cmd: compileComputeKernel
  api=4 insize=8533967 outsize=201 ok=1
Cmd: compileComputeKernel
  api=4 insize=8533967 outsize=201 ok=1
Cmd: compileComputeKernel
  api=4 insize=8533967 outsize=201 ok=1
Cmd: compileComputeKernel
  api=4 insize=8533967 outsize=201 ok=1
Cmd: compileComputeKernel
  api=4 insize=8533967 outsize=201 ok=1
Cmd: compileComputeKernel
  api=4 insize=8533967 outsize=201 ok=1
Cmd: compileComputeKernel
  api=4 insize=8533967 outsize=201 ok=1
Cmd: compileComputeKernel
  api=4 insize=8533967 outsize=201 ok=1
Cmd: compileComputeKernel
  api=4 insize=8533967 outsize=201 ok=1
Cmd: compileComputeKernel
  api=4 insize=8533967 outsize=201 ok=1
Cmd: compileComputeKernel
  api=4 insize=8533967 outsize=201 ok=1
Cmd: compileComputeKernel
  api=4 insize=8533967 outsize=201 ok=1
Cmd: compileComputeKernel
  api=4 insize=8533967 outsize=201 ok=1
Cmd: compileComputeKernel
  api=4 insize=8533967 outsize=201 ok=1
Cmd: compileComputeKernel
  api=4 insize=8533967 outsize=201 ok=1
Cmd: compileComputeKernel
  api=4 insize=8533967 outsize=201 ok=1
Cmd: compileComputeKernel
  api=4 insize=8533967 outsize=201 ok=1
Cmd: compileComputeKernel
  api=4 insize=8533967 outsize=201 ok=1
Cmd: compileComputeKernel
  api=4 insize=8533967 outsize=201 ok=1
Cmd: compileComputeKernel
  api=4 insize=8533967 outsize=201 ok=1
Cmd: compileComputeKernel
  api=4 insize=8533967 outsize=201 ok=1
Cmd: compileComputeKernel
  api=4 insize=8533967 outsize=201 ok=1
Cmd: compileComputeKernel
  api=4 insize=8533967 outsize=201 ok=1
Cmd: compileComputeKernel
  api=4 insize=8533967 outsize=201 ok=1
Cmd: compileComputeKernel
  api=4 insize=8533967 outsize=201 ok=1
Cmd: compileComputeKernel
  api=4 insize=8533967 outsize=201 ok=1
Cmd: compileComputeKernel
  api=4 insize=8533967 outsize=201 ok=1
Cmd: compileComputeKernel
  api=4 insize=8533967 outsize=201 ok=1
Cmd: compileComputeKernel
  api=4 insize=8533967 outsize=201 ok=1
Cmd: compileComputeKernel
  api=4 insize=8533967 outsize=201 ok=1
Cmd: compileComputeKernel
  api=4 insize=8533967 outsize=201 ok=1
Cmd: compileComputeKernel
  api=4 insize=8533967 outsize=201 ok=1
Cmd: compileComputeKernel
  api=4 insize=8533967 outsize=201 ok=1
Cmd: compileComputeKernel
  api=4 insize=8533967 outsize=201 ok=1
Cmd: compileComputeKernel
  api=4 insize=8533967 outsize=201 ok=1
Cmd: compileComputeKernel
  api=4 insize=8533967 outsize=201 ok=1
Cmd: compileComputeKernel
  api=4 insize=8533967 outsize=201 ok=1
Cmd: compileComputeKernel
  api=4 insize=8533967 outsize=201 ok=1
Cmd: compileComputeKernel
  api=4 insize=8533967 outsize=201 ok=1
Cmd: compileComputeKernel
  api=4 insize=8533967 outsize=201 ok=1
Cmd: compileComputeKernel
  api=4 insize=8533967 outsize=201 ok=1
Cmd: compileComputeKernel
  api=4 insize=8533967 outsize=201 ok=1
Cmd: compileComputeKernel
  api=4 insize=8533967 outsize=201 ok=1
Cmd: compileComputeKernel
  api=4 insize=8533967 outsize=201 ok=1
Cmd: compileComputeKernel
  api=4 insize=8533967 outsize=201 ok=1
Cmd: compileComputeKernel
  api=4 insize=8533967 outsize=201 ok=1
Cmd: compileComputeKernel
  api=4 insize=8533967 outsize=201 ok=1
Cmd: compileComputeKernel
  api=4 insize=8533967 outsize=6585 ok=1
Cmd: compileComputeKernel
  api=4 insize=8533967 outsize=10769 ok=1
Cmd: compileComputeKernel
  api=4 insize=8533967 outsize=15809 ok=1
Cmd: compileComputeKernel
  api=4 insize=8533967 outsize=201 ok=1
Cmd: compileComputeKernel
  api=4 insize=8533967 outsize=10381 ok=1
Cmd: compileComputeKernel
  api=4 insize=8533967 outsize=201 ok=1
Cmd: compileComputeKernel
  api=4 insize=8533967 outsize=201 ok=1
Cmd: compileComputeKernel
  api=4 insize=8533967 outsize=21465 ok=1
Cmd: compileComputeKernel
  api=4 insize=8533967 outsize=8537 ok=1
Cmd: compileComputeKernel
  api=4 insize=8533967 outsize=201 ok=1
Cmd: compileComputeKernel
  api=4 insize=8533967 outsize=201 ok=1
Cmd: compileComputeKernel
  api=4 insize=8533967 outsize=19585 ok=1
Cmd: compileComputeKernel
  api=4 insize=8533967 outsize=201 ok=1
Cmd: compileComputeKernel
  api=4 insize=8533967 outsize=14253 ok=1
Cmd: compileComputeKernel
  api=4 insize=8533967 outsize=22093 ok=1
Cmd: compileComputeKernel
  api=4 insize=8533967 outsize=201 ok=1
Cmd: compileComputeKernel
  api=4 insize=8533967 outsize=201 ok=1
Cmd: compileComputeKernel
  api=4 insize=8533967 outsize=201 ok=1
Cmd: compileComputeKernel
  api=4 insize=8533967 outsize=201 ok=1
Cmd: compileComputeKernel
  api=4 insize=8533967 outsize=201 ok=1
Cmd: compileComputeKernel
  api=4 insize=8533967 outsize=201 ok=1
Cmd: compileComputeKernel
  api=4 insize=8533967 outsize=201 ok=1
Cmd: compileComputeKernel
  api=4 insize=8533967 outsize=4885 ok=1
Cmd: compileComputeKernel
  api=4 insize=8533967 outsize=9133 ok=1
Cmd: compileComputeKernel
  api=4 insize=8533967 outsize=201 ok=1
Cmd: compileComputeKernel
Unhandled exception: Protocol error - unexpected end of data (did the Editor crash?)

Quitting shader compiler process
